Parameter -I: PcrIndex = 0xFFFFFFFF
Parameter -L: LogFormat = 0x2
Parameter -E: CalculateExpected = 0
Parameter -BIN: BinayFileName = EmulatorTcgEvent.bin
EventLogSize: 0x1EFE
    EventLogLocation:  (0x5224000)
    EventLogLastEntry: (0x5225E48)
    LastPcrEventSize:  (0x79754B56000000B6)
DumpEventLogBinFile Start ...
DumpEventLogBinFile End (Dump to EmulatorTcgEvent.bin Success)
EventLogFormat: (0x2)
EventLogLocation: (0x5224000)
Tcg2Event:
  Event:
    PCRIndex  - 0
    EventType - 0x00000003
    Digest    - 0000000000000000000000000000000000000000
    EventSize - 0x00000025
0000: 53706563204944204576656E7430330000000000000269010200000004001400
0020: 0B00200000
    EventData - Type: EV_NO_ACTION
  Unknown EV_NO_ACTION
  TCG_EfiSpecIDEventStruct:
    signature          - 'Spec ID Event03 '
    platformClass      - 0x00000000
    specVersion        - 2.0.105
    uintnSize          - 0x01
    numberOfAlgorithms - 0x00000002
    digest(0)
      algorithmId      - 0x0004
      digestSize       - 0x0014
    digest(1)
      algorithmId      - 0x000B
      digestSize       - 0x0020
    vendorInfoSize     - 0x00
    vendorInfo         - 
  Event:
    PCRIndex  - 0
    EventType - 0x00000003
    DigestCount: 0x00000002
    HashAlgo : 0x0004
    Digest(0): 0000000000000000000000000000000000000000
    HashAlgo : 0x000B
    Digest(1): 0000000000000000000000000000000000000000000000000000000000000000
    EventSize - 0x00000058
0000: 53503830302D313535204576656E7432570100006FC211DDFD21D34D9CD9D2C4
0020: 141E97780E5545464920456D756C61746F720009456D756C61746F720004302E
0040: 33000B45444B20494920504549005701000004302E37005A
    EventData - Type: EV_NO_ACTION
  TcgSp800155PlatformIdEvent2Struct:
    signature                   - 'SP800-155 Event2'
    VendorId                    - 0x00000157
    ReferenceManifestGuid       - DD11C26F-21FD-4DD3-9CD9-D2C4141E9778
    PlatformManufacturerStrSize - 0x0E
    PlatformManufacturerStr     - UEFI Emulator
    PlatformModelSize           - 0x09
    PlatformModel               - Emulator
    PlatformVersionSize         - 0x04
    PlatformVersion             - 0.3
    FirmwareManufacturerStrSize - 0x0B
    FirmwareManufacturerStr     - EDK II PEI
    FirmwareManufacturerId      - 0x00000157
    FirmwareVersionSize         - 0x04
    FirmwareVersion             - 0.7
  Event:
    PCRIndex  - 0
    EventType - 0x00000003
    DigestCount: 0x00000001
    HashAlgo : 0x0004
    Digest(0): 0000000000000000000000000000000000000000
    EventSize - 0x00000057
0000: 53503830302D313535204576656E7432570100006FC211DDFD21D34D9CD9D2C4
0020: 141E97780E5545464920456D756C61746F720009456D756C61746F720004302E
0040: 33000B45444B20494920445845005701000004302E3700
    EventData - Type: EV_NO_ACTION
  TcgSp800155PlatformIdEvent2Struct:
    signature                   - 'SP800-155 Event2'
    VendorId                    - 0x00000157
    ReferenceManifestGuid       - DD11C26F-21FD-4DD3-9CD9-D2C4141E9778
    PlatformManufacturerStrSize - 0x0E
    PlatformManufacturerStr     - UEFI Emulator
    PlatformModelSize           - 0x09
    PlatformModel               - Emulator
    PlatformVersionSize         - 0x04
    PlatformVersion             - 0.3
    FirmwareManufacturerStrSize - 0x0B
    FirmwareManufacturerStr     - EDK II DXE
    FirmwareManufacturerId      - 0x00000157
    FirmwareVersionSize         - 0x04
    FirmwareVersion             - 0.7
  Event:
    PCRIndex  - 0
    EventType - 0x00000003
    DigestCount: 0x00000002
    HashAlgo : 0x0004
    Digest(0): 0000000000000000000000000000000000000000
    HashAlgo : 0x000B
    Digest(1): 0000000000000000000000000000000000000000000000000000000000000000
    EventSize - 0x00000011
0000: 537461727475704C6F63616C6974790000
    EventData - Type: EV_NO_ACTION
  TcgStartupLocalityEventStruct:
    signature       - 'StartupLocality '
    StartupLocality - 0x00
  Event:
    PCRIndex  - 0
    EventType - 0x00000008
    DigestCount: 0x00000002
    HashAlgo : 0x0004
    Digest(0): 7CC302848C38630BB3BDDBD8A8C4DC5B05EAF661
    HashAlgo : 0x000B
    Digest(1): BFD221B449F8A79B4242492F9BE54142C890A2C0B7EBAA6649088CCA9BBD2164
    EventSize - 0x00000008
0000: 30002E0033000000
    EventData - Type: EV_S_CRTM_VERSION
      CRTM VERSION - L"0.3 "
  Event:
    PCRIndex  - 0
    EventType - 0x8000000A
    DigestCount: 0x00000002
    HashAlgo : 0x0004
    Digest(0): 4B589BE665FE6CAEDADC255A08FACD0D81CBFCD7
    HashAlgo : 0x000B
    Digest(1): 18A313C5E7EA111F323D044BEF5093C089CF380E2039997FC5ACA342ADD5D543
    EventSize - 0x0000003A
0000: 2946762836443939453830362D334433382D343243322D413039352D35463433
0020: 3030424644374443290000006602000000000000580000000000
    EventData - Type: EV_EFI_PLATFORM_FIRMWARE_BLOB2
      BlobDescriptionSize - 0x29
      BlobDescription     - "Fv(6D99E806-3D38-42C2-A095-5F4300BFD7DC) "
      BlobBase   - 0x0000000002660000
      BlobLength - 0x0000000000580000
  Event:
    PCRIndex  - 7
    EventType - 0x80000001
    DigestCount: 0x00000002
    HashAlgo : 0x0004
    Digest(0): 57CD4DC19442475AA82743484F3B1CAA88E142B8
    HashAlgo : 0x000B
    Digest(1): 115AA827DBCCFB44D216AD9ECFDA56BDEA620B860A94BED5B7A27BBA1C4D02D8
    EventSize - 0x00000035
0000: 61DFE48BCA93D211AA0D00E098032B8C0A000000000000000100000000000000
0020: 53006500630075007200650042006F006F00740000
    EventData - Type: EV_EFI_VARIABLE_DRIVER_CONFIG
      VariableName       - 8BE4DF61-93CA-11D2-AA0D-00E098032B8C
      UnicodeNameLength  - 0x000000000000000A
      VariableDataLength - 0x0000000000000001
      UnicodeName        - SecureBoot
      VariableData       - 00 
  Event:
    PCRIndex  - 7
    EventType - 0x80000001
    DigestCount: 0x00000002
    HashAlgo : 0x0004
    Digest(0): 9B1387306EBB7FF8E795E7BE77563666BBF4516E
    HashAlgo : 0x000B
    Digest(1): DEA7B80AB53A3DAAA24D5CC46C64E1FA9FFD03739F90AADBD8C0867C4A5B4890
    EventSize - 0x00000024
0000: 61DFE48BCA93D211AA0D00E098032B8C02000000000000000000000000000000
0020: 50004B00
    EventData - Type: EV_EFI_VARIABLE_DRIVER_CONFIG
      VariableName       - 8BE4DF61-93CA-11D2-AA0D-00E098032B8C
      UnicodeNameLength  - 0x0000000000000002
      VariableDataLength - 0x0000000000000000
      UnicodeName        - PK
      VariableData       - 
  Event:
    PCRIndex  - 7
    EventType - 0x80000001
    DigestCount: 0x00000002
    HashAlgo : 0x0004
    Digest(0): 9AFA86C507419B8570C62167CB9486D9FC809758
    HashAlgo : 0x000B
    Digest(1): E670E121FCEBD473B8BC41BB801301FC1D9AFA33904F06F7149B74F12C47A68F
    EventSize - 0x00000026
0000: 61DFE48BCA93D211AA0D00E098032B8C03000000000000000000000000000000
0020: 4B0045004B00
    EventData - Type: EV_EFI_VARIABLE_DRIVER_CONFIG
      VariableName       - 8BE4DF61-93CA-11D2-AA0D-00E098032B8C
      UnicodeNameLength  - 0x0000000000000003
      VariableDataLength - 0x0000000000000000
      UnicodeName        - KEK
      VariableData       - 
  Event:
    PCRIndex  - 7
    EventType - 0x80000001
    DigestCount: 0x00000002
    HashAlgo : 0x0004
    Digest(0): 5BF8FAA078D40FFBD03317C93398B01229A0E1E0
    HashAlgo : 0x000B
    Digest(1): BAF89A3CCACE52750C5F0128351E0422A41597A1ADFD50822AA363B9D124EA7C
    EventSize - 0x00000024
0000: CBB219D73A3D9645A3BCDAD00E67656F02000000000000000000000000000000
0020: 64006200
    EventData - Type: EV_EFI_VARIABLE_DRIVER_CONFIG
      VariableName       - D719B2CB-3D3A-4596-A3BC-DAD00E67656F
      UnicodeNameLength  - 0x0000000000000002
      VariableDataLength - 0x0000000000000000
      UnicodeName        - db
      VariableData       - 
  Event:
    PCRIndex  - 7
    EventType - 0x80000001
    DigestCount: 0x00000002
    HashAlgo : 0x0004
    Digest(0): 3DC9DC1FE6084CB47F5B167212D8159B306982D8
    HashAlgo : 0x000B
    Digest(1): 7543D7E5CEC8B5A56927E8E9A8E9D156F5242209B7962F1FF2DBE35ED0696B2A
    EventSize - 0x00000F6E
0000: CBB219D73A3D9645A3BCDAD00E67656F0300000000000000480F000000000000
0020: 640062007800A159C0A5E494A74A87B5AB155C2BF07250040000000000003404
0040: 0000BD9AFA775903324DBD6028F4E78F784B3082042030820308A00302010202
0060: 0101300D06092A864886F70D01010B0500308184310B30090603550406130247
0080: 423114301206035504080C0B49736C65206F66204D616E3110300E0603550407
00A0: 0C07446F75676C617331173015060355040A0C0E43616E6F6E6963616C204C74
00C0: 642E3134303206035504030C2B43616E6F6E6963616C204C74642E204D617374
00E0: 657220436572746966696361746520417574686F72697479301E170D31323034
0100: 31323131333930385A170D3432303431313131333930385A307F310B30090603
0120: 550406130247423114301206035504080C0B49736C65206F66204D616E311730
0140: 15060355040A0C0E43616E6F6E6963616C204C74642E31143012060355040B0C
0160: 0B53656375726520426F6F74312B302906035504030C2243616E6F6E6963616C
0180: 204C74642E2053656375726520426F6F74205369676E696E6730820122300D06
01A0: 092A864886F70D01010105000382010F003082010A0282010100C95F9B628F0B
01C0: B06482ACBEC9E262E34BD29F1E8AD5611A2B5D38F4B7CEB99AB843B8439777AB
01E0: 4F7F0C70460BFC7F6DC66DEA805E01D2B7661E87DE0D6DD04197A8A5AF0C634F
0200: F77CC252CCA031A9BB895D991E466F5573B97669ECD7C1FC21D6C607E74FBD22
0220: DEE4A85B2DDB95341997D6284B214CCABB1D79A6177F5AF967E65C78453D106D
0240: B017592611C557E37F4E82BAF62C4EC8374DFF85158447E0ED3B7C7FBCAFE901
0260: 05A70C6FC3E98DA3CEBEA6E3CD3CB5582C9EC2031C60223739FF4102C129A465
0280: 51FF3334AA4215F99578FC2DF5DA8A857C829DFB372C6BA5A8DF7C550B802E3C
02A0: B063E1CD384889E814060B82BCFDD407681B0F3ED915DD94111B0203010001A3
02C0: 81A030819D300C0603551D130101FF04023000301F0603551D25041830160608
02E0: 2B06010505070303060A2B0601040182370A0306302C06096086480186F84201
0300: 0D041F161D4F70656E53534C2047656E65726174656420436572746966696361
0320: 7465301D0603551D0E0416041461482AA2830D0AB2AD5AF10B7250DA9033DDCE
0340: F0301F0603551D23041830168014AD91990BC22AB1F517048C23B6655A268E34
0360: 5A63300D06092A864886F70D01010B050003820101008F8AA1061F29B70A4AD5
0380: C5FD81AB25EAC07DE2FC6A96A0799367EE050E251225E45AF6AA1AF112F3058D
03A0: 875EF15A5CCB8D2373651D15B9DE226BD64967C9A3C6D7624E5CB5F903834081
03C0: DC879C3C3F1C0D519F94650A844867E4A2F8A64AF0E7CDCDBD94E309D25D2D16
03E0: 1B05150BCB44B43E614222C42A5C4EC51DA3E2E052B2EBF48B2BDC38395DFB88
0400: A156655F2B4F26FF06781012EB8C5D32E3C645AF259BA0FF8EEF4709A3E98B37
0420: 929269767E343B9205674EB025EDBC5E5F8FB4D6CA40FFE4E231230C8525AE0C
0440: 5501ECE5475EDF5BBC1433E3C6F518B6D9F7DDB3B4A131D35A5C5D7D3EBF0AE4
0460: E4E8B4597D3BB48CA31BB520A3B93E846F8C2100C339A159C0A5E494A74A87B5
0480: AB155C2BF0722C0300000000000010030000BD9AFA775903324DBD6028F4E78F
04A0: 784B308202FC308201E4A003020102020500A7468DEF300D06092A864886F70D
04C0: 01010B05003020311E301C0603550403131544656269616E2053656375726520
04E0: 426F6F74204341301E170D3136303831363138323235305A170D323630383136
0500: 3138323235305A3024312230200603550403131944656269616E205365637572
0520: 6520426F6F74205369676E657230820122300D06092A864886F70D0101010500
0540: 0382010F003082010A0282010100D3D183900FDA65A22F075A6095EBF7C7867C
0560: 2086DA65A3A612EB5B3BCEC8FB3FA1724B9EDF50C50333A40C2B5FD641040DB6
0580: CF9548ED8AB2ADD6E501374E60CDB24A3804B3448094AF9F6E54DBA81F3CB74B
05A0: 30DE21816F09A366BA6A2B96D69A61770CD4ED3CD071BBAD8CF0225C3E25CC6D
05C0: 222E619795AF9B2E4D58B67E7802C30EB9FAB25B27DE7DA2BE0C14AC73EC97B0
05E0: 155EEDEDE5A5753F78E071CE2FCE83ED533130984EE6F901A28888A623087C0D
0600: B7543A1695ED5E795E904EFECDAADE82FCF696714E4949B9D3E9B0AB7FD72A47
0620: B75330277CDC6698096FD17EF57F3D3ED4A26A8859022F2F3DC8C628DE42FED9
0640: 523D24C2FC409811F676BF8CBB650203010001A3393037301106096086480186
0660: F842010104040302041030150603551D25040E300C060A2B0601040182370A03
0680: 01300B0603551D0F040403020780300D06092A864886F70D01010B0500038201
06A0: 0100571BA4604C29E9F27D6B5C93DBCC6C9F183F69489A75DE64F3834A09A926
06C0: 21EEE9565DE13ED975CBCC7FBF4DE4E8893D7E11428740C3D5E07179DC006CE1
06E0: 7162C798C2CB270B2F9FCCECFA8BB2F30B9EF3F2C3C99FDB259390A4CDBB01E5
0700: 8EF4D755A8B4754131FD4E5D0318A0C2ACC5DE46E7DC1CCF12D59DE8479D938C
0720: 32CD44D574C7309A57A556D07ECF0511B4F4F329F9DB9B53D2BD2FAD6A752645
0740: 64BABA2896878EB7F07957FA7A0E3C4A3892BCF295F2E728D0F7D8981A5E399E
0760: B56580BDF3DA123F507667299FD10B0A1E87975C72DBF301744ADD07BA76E96A
0780: FCDD22DB4602D7AF0AC5ED15BC0F2BA9DB8DBF7F6FADA2B7C54D4A47B3C15690
07A0: B6172616C4C14C509240ACA941F936934328CC0700000000000030000000BD9A
07C0: FA775903324DBD6028F4E78F784B363384D14D1F2E0B7815626484C459AD57A3
07E0: 18EF4396266048D058C5A19BBF76BD9AFA775903324DBD6028F4E78F784B2BBF
0800: 2CA7B8F1D91F27EE52B6FB2A5DD049B85A2B9B529C5D6662068104B055F8BD9A
0820: FA775903324DBD6028F4E78F784B2C73D93325BA6DCBE589D4A4C63C5B935559
0840: EF92FBF050ED50C4E2085206F17DBD9AFA775903324DBD6028F4E78F784B3841
0860: D221368D1583D75C0A02E62160394D6C4E0A6760B6F607B90362BC855B02BD9A
0880: FA775903324DBD6028F4E78F784B306628FA5477305728BA4A467DE7D0387A54
08A0: F569D3769FCE5E75EC89D28D1593BD9AFA775903324DBD6028F4E78F784B4397
08C0: DACA839E7F63077CB50C92DF43BC2D2FB2A8F59F26FC7A0E4BD4D9751692BD9A
08E0: FA775903324DBD6028F4E78F784B6B1D138078E4418AA68DEB7BB35E066092CF
0900: 479EEB8CE4CD12E7D072CCB42F66BD9AFA775903324DBD6028F4E78F784B6F14
0920: 28FF71C9DB0ED5AF1F2E7BBFCBAB647CC265DDF5B293CDB626F50A3A785EBD9A
0940: FA775903324DBD6028F4E78F784B895A9785F617CA1D7ED44FC1A1470B71F3F1
0960: 223862D9FF9DCC3AE2DF92163DAFBD9AFA775903324DBD6028F4E78F784B9E4A
0980: 69173161682E55FDE8FEF560EB88EC1FFEDCAF04001F66C0CAF707B2B734BD9A
09A0: FA775903324DBD6028F4E78F784BB54F1EE636631FAD68058D3B0937031AC1B9
09C0: 0CCB17062A391CCA68AFDBE40D55BD9AFA775903324DBD6028F4E78F784BB97A
09E0: 0889059C035FF1D54B6DB53B11B9766668D9F955247C028B2837D7A04CD9BD9A
0A00: FA775903324DBD6028F4E78F784BFDDD6E3D29EA84C7743DAD4A1BDBC700B5FE
0A20: C1B391F932409086ACC71DD6DBD8BD9AFA775903324DBD6028F4E78F784BFECF
0A40: B232D12E994B6D485D2C7167728AA5525984AD5CA61E7516221F079A1436BD9A
0A60: FA775903324DBD6028F4E78F784B3B0287533E0CC3D0EC1AA823CBF0A941AAD8
0A80: 721579D1C499802DD1C3A636B8A9BD9AFA775903324DBD6028F4E78F784B939A
0AA0: EEF4F5FA51E23340C3F2E49048CE8872526AFDF752C3A7F3A3F2BC9F6049BD9A
0AC0: FA775903324DBD6028F4E78F784BA7F32F508D4EB0FEAD9A087EF94ED1BA0AEC
0AE0: 5DE6F7EF6FF0A62B93BEDF5D458DBD9AFA775903324DBD6028F4E78F784BE6CA
0B00: 68E94146629AF03F69C2F86E6BEF62F930B37C6FBCC878B78DF98C0334E5BD9A
0B20: FA775903324DBD6028F4E78F784BCF3F7C24AF6D46E133BB6A936902A4741339
0B40: 4B2A8ADDC63A8890C75EB7C3A6C7BD9AFA775903324DBD6028F4E78F784B7F3B
0B60: DD2E92AE417B2143CC993C7FE48D9363FFA65C9CC461B6A407A779998174BD9A
0B80: FA775903324DBD6028F4E78F784B56B3DA7259EB1BEC44199A7EBF74C6FE912C
0BA0: 8FE9BF4A20A7610C5E9BC0B601CDBD9AFA775903324DBD6028F4E78F784B1D5C
0BC0: 15CED73845B7E968BF3ACE52C5C660AA2DA6DDEFF2CE6445A04B885A0F12BD9A
0BE0: FA775903324DBD6028F4E78F784B38909DAF2FE29BBFE22303939D3904F38DCA
0C00: 48B7F2A41F28F34DE564A0242781BD9AFA775903324DBD6028F4E78F784B3E33
0C20: 3DE87D211247B2AB00093CAB48F6069D718AFD29E9917A3D5F60E87557B6BD9A
0C40: FA775903324DBD6028F4E78F784B56FB79AAB26EE9D0E0CA372FB86A8BB459AC
0C60: BC505D0AB35E6A632A3D5F88DCB3BD9AFA775903324DBD6028F4E78F784BB7D3
0C80: E3C4A930FFFCDB184619534EF7C3D45435EF97F7988611714F5523B207E5BD9A
0CA0: FA775903324DBD6028F4E78F784BADCC0B6FD6DC5911BF42F036C033FC3E43F0
0CC0: 7A8312E91D0D8D32793B62940C7EBD9AFA775903324DBD6028F4E78F784B98CC
0CE0: 8B91FEC5252F62E81843D9D5D8AC2A2F253AA38152B3236A5092200ED290BD9A
0D00: FA775903324DBD6028F4E78F784BBD882355BF6813CF88EC0B83B6133691100F
0D20: 480381AC06531C3D5909CF1FB626BD9AFA775903324DBD6028F4E78F784B8EC2
0D40: 540CEDDD592E616AF4386DA9EAF76855EF0A792E26FC149B32E951D76C85BD9A
0D60: FA775903324DBD6028F4E78F784B0D85DAAA481B1BE84320E12B5078794DA296
0D80: 28ACB43B69C8909D291BB995CA72BD9AFA775903324DBD6028F4E78F784B2F9A
0DA0: 8EB6C8E18E7E118AFE9B51E233D88EC76C0EA256FF1F2A842B3A0EA9F466BD9A
0DC0: FA775903324DBD6028F4E78F784B41CCE0FC467609CA368BEDBA45C292F2BE1B
0DE0: 622FB9BE0473CF51E7A96EE65652BD9AFA775903324DBD6028F4E78F784B4EE4
0E00: 5A217B38A8C13777DF0860F1255E52BAF3CF9D075373E31AD7E2C85E2CDBBD9A
0E20: FA775903324DBD6028F4E78F784B9E0D9074F146461F9ACEE7D27F2C7DD8BEE7
0E40: 3EB62AC62CF87F03BEE0C4516528BD9AFA775903324DBD6028F4E78F784BB525
0E60: 31C84351EB695A8AFF0B7A5BDF93972CDEDFAF4067745425D75E21CD0CBBBD9A
0E80: FA775903324DBD6028F4E78F784BB9B20E933E2B6C33C9FF088E224D802028F2
0EA0: 9A4CEBE50AB5D746027911A454FFBD9AFA775903324DBD6028F4E78F784BC127
0EC0: F0EEFC2E451989D88E4D1DA8A3B08CA9D5884987A6157E04E9A71C01ADFCBD9A
0EE0: FA775903324DBD6028F4E78F784BD14EE5616DC8EC74D695AF08DACC78BBEFAF
0F00: A7A97A5CFEAB9B961E86CE9EDD37BD9AFA775903324DBD6028F4E78F784BF8DD
0F20: 2281C67C59A08FDDC9859E9D5FF73802CAD88975242BD11486F13C6DDA6BBD9A
0F40: FA775903324DBD6028F4E78F784BA7DFCC3A8D6AB30F93F31748DBC8EA38415C
0F60: F52BB9AD8085672CD9AB8938D5DE
    EventData - Type: EV_EFI_VARIABLE_DRIVER_CONFIG
      VariableName       - D719B2CB-3D3A-4596-A3BC-DAD00E67656F
      UnicodeNameLength  - 0x0000000000000003
      VariableDataLength - 0x0000000000000F48
      UnicodeName        - dbx
      VariableData       - A1 59 C0 A5 E4 94 A7 4A 87 B5 AB 15 5C 2B F0 72 
                           50 04 00 00 00 00 00 00 34 04 00 00 BD 9A FA 77 
                           59 03 32 4D BD 60 28 F4 E7 8F 78 4B 30 82 04 20 
                           30 82 03 08 A0 03 02 01 02 02 01 01 30 0D 06 09 
                           2A 86 48 86 F7 0D 01 01 0B 05 00 30 81 84 31 0B 
                           30 09 06 03 55 04 06 13 02 47 42 31 14 30 12 06 
                           03 55 04 08 0C 0B 49 73 6C 65 20 6F 66 20 4D 61 
                           6E 31 10 30 0E 06 03 55 04 07 0C 07 44 6F 75 67 
                           6C 61 73 31 17 30 15 06 03 55 04 0A 0C 0E 43 61 
                           6E 6F 6E 69 63 61 6C 20 4C 74 64 2E 31 34 30 32 
                           06 03 55 04 03 0C 2B 43 61 6E 6F 6E 69 63 61 6C 
                           20 4C 74 64 2E 20 4D 61 73 74 65 72 20 43 65 72 
                           74 69 66 69 63 61 74 65 20 41 75 74 68 6F 72 69 
                           74 79 30 1E 17 0D 31 32 30 34 31 32 31 31 33 39 
                           30 38 5A 17 0D 34 32 30 34 31 31 31 31 33 39 30 
                           38 5A 30 7F 31 0B 30 09 06 03 55 04 06 13 02 47 
                           42 31 14 30 12 06 03 55 04 08 0C 0B 49 73 6C 65 
                           20 6F 66 20 4D 61 6E 31 17 30 15 06 03 55 04 0A 
                           0C 0E 43 61 6E 6F 6E 69 63 61 6C 20 4C 74 64 2E 
                           31 14 30 12 06 03 55 04 0B 0C 0B 53 65 63 75 72 
                           65 20 42 6F 6F 74 31 2B 30 29 06 03 55 04 03 0C 
                           22 43 61 6E 6F 6E 69 63 61 6C 20 4C 74 64 2E 20 
                           53 65 63 75 72 65 20 42 6F 6F 74 20 53 69 67 6E 
                           69 6E 67 30 82 01 22 30 0D 06 09 2A 86 48 86 F7 
                           0D 01 01 01 05 00 03 82 01 0F 00 30 82 01 0A 02 
                           82 01 01 00 C9 5F 9B 62 8F 0B B0 64 82 AC BE C9 
                           E2 62 E3 4B D2 9F 1E 8A D5 61 1A 2B 5D 38 F4 B7 
                           CE B9 9A B8 43 B8 43 97 77 AB 4F 7F 0C 70 46 0B 
                           FC 7F 6D C6 6D EA 80 5E 01 D2 B7 66 1E 87 DE 0D 
                           6D D0 41 97 A8 A5 AF 0C 63 4F F7 7C C2 52 CC A0 
                           31 A9 BB 89 5D 99 1E 46 6F 55 73 B9 76 69 EC D7 
                           C1 FC 21 D6 C6 07 E7 4F BD 22 DE E4 A8 5B 2D DB 
                           95 34 19 97 D6 28 4B 21 4C CA BB 1D 79 A6 17 7F 
                           5A F9 67 E6 5C 78 45 3D 10 6D B0 17 59 26 11 C5 
                           57 E3 7F 4E 82 BA F6 2C 4E C8 37 4D FF 85 15 84 
                           47 E0 ED 3B 7C 7F BC AF E9 01 05 A7 0C 6F C3 E9 
                           8D A3 CE BE A6 E3 CD 3C B5 58 2C 9E C2 03 1C 60 
                           22 37 39 FF 41 02 C1 29 A4 65 51 FF 33 34 AA 42 
                           15 F9 95 78 FC 2D F5 DA 8A 85 7C 82 9D FB 37 2C 
                           6B A5 A8 DF 7C 55 0B 80 2E 3C B0 63 E1 CD 38 48 
                           89 E8 14 06 0B 82 BC FD D4 07 68 1B 0F 3E D9 15 
                           DD 94 11 1B 02 03 01 00 01 A3 81 A0 30 81 9D 30 
                           0C 06 03 55 1D 13 01 01 FF 04 02 30 00 30 1F 06 
                           03 55 1D 25 04 18 30 16 06 08 2B 06 01 05 05 07 
                           03 03 06 0A 2B 06 01 04 01 82 37 0A 03 06 30 2C 
                           06 09 60 86 48 01 86 F8 42 01 0D 04 1F 16 1D 4F 
                           70 65 6E 53 53 4C 20 47 65 6E 65 72 61 74 65 64 
                           20 43 65 72 74 69 66 69 63 61 74 65 30 1D 06 03 
                           55 1D 0E 04 16 04 14 61 48 2A A2 83 0D 0A B2 AD 
                           5A F1 0B 72 50 DA 90 33 DD CE F0 30 1F 06 03 55 
                           1D 23 04 18 30 16 80 14 AD 91 99 0B C2 2A B1 F5 
                           17 04 8C 23 B6 65 5A 26 8E 34 5A 63 30 0D 06 09 
                           2A 86 48 86 F7 0D 01 01 0B 05 00 03 82 01 01 00 
                           8F 8A A1 06 1F 29 B7 0A 4A D5 C5 FD 81 AB 25 EA 
                           C0 7D E2 FC 6A 96 A0 79 93 67 EE 05 0E 25 12 25 
                           E4 5A F6 AA 1A F1 12 F3 05 8D 87 5E F1 5A 5C CB 
                           8D 23 73 65 1D 15 B9 DE 22 6B D6 49 67 C9 A3 C6 
                           D7 62 4E 5C B5 F9 03 83 40 81 DC 87 9C 3C 3F 1C 
                           0D 51 9F 94 65 0A 84 48 67 E4 A2 F8 A6 4A F0 E7 
                           CD CD BD 94 E3 09 D2 5D 2D 16 1B 05 15 0B CB 44 
                           B4 3E 61 42 22 C4 2A 5C 4E C5 1D A3 E2 E0 52 B2 
                           EB F4 8B 2B DC 38 39 5D FB 88 A1 56 65 5F 2B 4F 
                           26 FF 06 78 10 12 EB 8C 5D 32 E3 C6 45 AF 25 9B 
                           A0 FF 8E EF 47 09 A3 E9 8B 37 92 92 69 76 7E 34 
                           3B 92 05 67 4E B0 25 ED BC 5E 5F 8F B4 D6 CA 40 
                           FF E4 E2 31 23 0C 85 25 AE 0C 55 01 EC E5 47 5E 
                           DF 5B BC 14 33 E3 C6 F5 18 B6 D9 F7 DD B3 B4 A1 
                           31 D3 5A 5C 5D 7D 3E BF 0A E4 E4 E8 B4 59 7D 3B 
                           B4 8C A3 1B B5 20 A3 B9 3E 84 6F 8C 21 00 C3 39 
                           A1 59 C0 A5 E4 94 A7 4A 87 B5 AB 15 5C 2B F0 72 
                           2C 03 00 00 00 00 00 00 10 03 00 00 BD 9A FA 77 
                           59 03 32 4D BD 60 28 F4 E7 8F 78 4B 30 82 02 FC 
                           30 82 01 E4 A0 03 02 01 02 02 05 00 A7 46 8D EF 
                           30 0D 06 09 2A 86 48 86 F7 0D 01 01 0B 05 00 30 
                           20 31 1E 30 1C 06 03 55 04 03 13 15 44 65 62 69 
                           61 6E 20 53 65 63 75 72 65 20 42 6F 6F 74 20 43 
                           41 30 1E 17 0D 31 36 30 38 31 36 31 38 32 32 35 
                           30 5A 17 0D 32 36 30 38 31 36 31 38 32 32 35 30 
                           5A 30 24 31 22 30 20 06 03 55 04 03 13 19 44 65 
                           62 69 61 6E 20 53 65 63 75 72 65 20 42 6F 6F 74 
                           20 53 69 67 6E 65 72 30 82 01 22 30 0D 06 09 2A 
                           86 48 86 F7 0D 01 01 01 05 00 03 82 01 0F 00 30 
                           82 01 0A 02 82 01 01 00 D3 D1 83 90 0F DA 65 A2 
                           2F 07 5A 60 95 EB F7 C7 86 7C 20 86 DA 65 A3 A6 
                           12 EB 5B 3B CE C8 FB 3F A1 72 4B 9E DF 50 C5 03 
                           33 A4 0C 2B 5F D6 41 04 0D B6 CF 95 48 ED 8A B2 
                           AD D6 E5 01 37 4E 60 CD B2 4A 38 04 B3 44 80 94 
                           AF 9F 6E 54 DB A8 1F 3C B7 4B 30 DE 21 81 6F 09 
                           A3 66 BA 6A 2B 96 D6 9A 61 77 0C D4 ED 3C D0 71 
                           BB AD 8C F0 22 5C 3E 25 CC 6D 22 2E 61 97 95 AF 
                           9B 2E 4D 58 B6 7E 78 02 C3 0E B9 FA B2 5B 27 DE 
                           7D A2 BE 0C 14 AC 73 EC 97 B0 15 5E ED ED E5 A5 
                           75 3F 78 E0 71 CE 2F CE 83 ED 53 31 30 98 4E E6 
                           F9 01 A2 88 88 A6 23 08 7C 0D B7 54 3A 16 95 ED 
                           5E 79 5E 90 4E FE CD AA DE 82 FC F6 96 71 4E 49 
                           49 B9 D3 E9 B0 AB 7F D7 2A 47 B7 53 30 27 7C DC 
                           66 98 09 6F D1 7E F5 7F 3D 3E D4 A2 6A 88 59 02 
                           2F 2F 3D C8 C6 28 DE 42 FE D9 52 3D 24 C2 FC 40 
                           98 11 F6 76 BF 8C BB 65 02 03 01 00 01 A3 39 30 
                           37 30 11 06 09 60 86 48 01 86 F8 42 01 01 04 04 
                           03 02 04 10 30 15 06 03 55 1D 25 04 0E 30 0C 06 
                           0A 2B 06 01 04 01 82 37 0A 03 01 30 0B 06 03 55 
                           1D 0F 04 04 03 02 07 80 30 0D 06 09 2A 86 48 86 
                           F7 0D 01 01 0B 05 00 03 82 01 01 00 57 1B A4 60 
                           4C 29 E9 F2 7D 6B 5C 93 DB CC 6C 9F 18 3F 69 48 
                           9A 75 DE 64 F3 83 4A 09 A9 26 21 EE E9 56 5D E1 
                           3E D9 75 CB CC 7F BF 4D E4 E8 89 3D 7E 11 42 87 
                           40 C3 D5 E0 71 79 DC 00 6C E1 71 62 C7 98 C2 CB 
                           27 0B 2F 9F CC EC FA 8B B2 F3 0B 9E F3 F2 C3 C9 
                           9F DB 25 93 90 A4 CD BB 01 E5 8E F4 D7 55 A8 B4 
                           75 41 31 FD 4E 5D 03 18 A0 C2 AC C5 DE 46 E7 DC 
                           1C CF 12 D5 9D E8 47 9D 93 8C 32 CD 44 D5 74 C7 
                           30 9A 57 A5 56 D0 7E CF 05 11 B4 F4 F3 29 F9 DB 
                           9B 53 D2 BD 2F AD 6A 75 26 45 64 BA BA 28 96 87 
                           8E B7 F0 79 57 FA 7A 0E 3C 4A 38 92 BC F2 95 F2 
                           E7 28 D0 F7 D8 98 1A 5E 39 9E B5 65 80 BD F3 DA 
                           12 3F 50 76 67 29 9F D1 0B 0A 1E 87 97 5C 72 DB 
                           F3 01 74 4A DD 07 BA 76 E9 6A FC DD 22 DB 46 02 
                           D7 AF 0A C5 ED 15 BC 0F 2B A9 DB 8D BF 7F 6F AD 
                           A2 B7 C5 4D 4A 47 B3 C1 56 90 B6 17 26 16 C4 C1 
                           4C 50 92 40 AC A9 41 F9 36 93 43 28 CC 07 00 00 
                           00 00 00 00 30 00 00 00 BD 9A FA 77 59 03 32 4D 
                           BD 60 28 F4 E7 8F 78 4B 36 33 84 D1 4D 1F 2E 0B 
                           78 15 62 64 84 C4 59 AD 57 A3 18 EF 43 96 26 60 
                           48 D0 58 C5 A1 9B BF 76 BD 9A FA 77 59 03 32 4D 
                           BD 60 28 F4 E7 8F 78 4B 2B BF 2C A7 B8 F1 D9 1F 
                           27 EE 52 B6 FB 2A 5D D0 49 B8 5A 2B 9B 52 9C 5D 
                           66 62 06 81 04 B0 55 F8 BD 9A FA 77 59 03 32 4D 
                           BD 60 28 F4 E7 8F 78 4B 2C 73 D9 33 25 BA 6D CB 
                           E5 89 D4 A4 C6 3C 5B 93 55 59 EF 92 FB F0 50 ED 
                           50 C4 E2 08 52 06 F1 7D BD 9A FA 77 59 03 32 4D 
                           BD 60 28 F4 E7 8F 78 4B 38 41 D2 21 36 8D 15 83 
                           D7 5C 0A 02 E6 21 60 39 4D 6C 4E 0A 67 60 B6 F6 
                           07 B9 03 62 BC 85 5B 02 BD 9A FA 77 59 03 32 4D 
                           BD 60 28 F4 E7 8F 78 4B 30 66 28 FA 54 77 30 57 
                           28 BA 4A 46 7D E7 D0 38 7A 54 F5 69 D3 76 9F CE 
                           5E 75 EC 89 D2 8D 15 93 BD 9A FA 77 59 03 32 4D 
                           BD 60 28 F4 E7 8F 78 4B 43 97 DA CA 83 9E 7F 63 
                           07 7C B5 0C 92 DF 43 BC 2D 2F B2 A8 F5 9F 26 FC 
                           7A 0E 4B D4 D9 75 16 92 BD 9A FA 77 59 03 32 4D 
                           BD 60 28 F4 E7 8F 78 4B 6B 1D 13 80 78 E4 41 8A 
                           A6 8D EB 7B B3 5E 06 60 92 CF 47 9E EB 8C E4 CD 
                           12 E7 D0 72 CC B4 2F 66 BD 9A FA 77 59 03 32 4D 
                           BD 60 28 F4 E7 8F 78 4B 6F 14 28 FF 71 C9 DB 0E 
                           D5 AF 1F 2E 7B BF CB AB 64 7C C2 65 DD F5 B2 93 
                           CD B6 26 F5 0A 3A 78 5E BD 9A FA 77 59 03 32 4D 
                           BD 60 28 F4 E7 8F 78 4B 89 5A 97 85 F6 17 CA 1D 
                           7E D4 4F C1 A1 47 0B 71 F3 F1 22 38 62 D9 FF 9D 
                           CC 3A E2 DF 92 16 3D AF BD 9A FA 77 59 03 32 4D 
                           BD 60 28 F4 E7 8F 78 4B 9E 4A 69 17 31 61 68 2E 
                           55 FD E8 FE F5 60 EB 88 EC 1F FE DC AF 04 00 1F 
                           66 C0 CA F7 07 B2 B7 34 BD 9A FA 77 59 03 32 4D 
                           BD 60 28 F4 E7 8F 78 4B B5 4F 1E E6 36 63 1F AD 
                           68 05 8D 3B 09 37 03 1A C1 B9 0C CB 17 06 2A 39 
                           1C CA 68 AF DB E4 0D 55 BD 9A FA 77 59 03 32 4D 
                           BD 60 28 F4 E7 8F 78 4B B9 7A 08 89 05 9C 03 5F 
                           F1 D5 4B 6D B5 3B 11 B9 76 66 68 D9 F9 55 24 7C 
                           02 8B 28 37 D7 A0 4C D9 BD 9A FA 77 59 03 32 4D 
                           BD 60 28 F4 E7 8F 78 4B FD DD 6E 3D 29 EA 84 C7 
                           74 3D AD 4A 1B DB C7 00 B5 FE C1 B3 91 F9 32 40 
                           90 86 AC C7 1D D6 DB D8 BD 9A FA 77 59 03 32 4D 
                           BD 60 28 F4 E7 8F 78 4B FE CF B2 32 D1 2E 99 4B 
                           6D 48 5D 2C 71 67 72 8A A5 52 59 84 AD 5C A6 1E 
                           75 16 22 1F 07 9A 14 36 BD 9A FA 77 59 03 32 4D 
                           BD 60 28 F4 E7 8F 78 4B 3B 02 87 53 3E 0C C3 D0 
                           EC 1A A8 23 CB F0 A9 41 AA D8 72 15 79 D1 C4 99 
                           80 2D D1 C3 A6 36 B8 A9 BD 9A FA 77 59 03 32 4D 
                           BD 60 28 F4 E7 8F 78 4B 93 9A EE F4 F5 FA 51 E2 
                           33 40 C3 F2 E4 90 48 CE 88 72 52 6A FD F7 52 C3 
                           A7 F3 A3 F2 BC 9F 60 49 BD 9A FA 77 59 03 32 4D 
                           BD 60 28 F4 E7 8F 78 4B A7 F3 2F 50 8D 4E B0 FE 
                           AD 9A 08 7E F9 4E D1 BA 0A EC 5D E6 F7 EF 6F F0 
                           A6 2B 93 BE DF 5D 45 8D BD 9A FA 77 59 03 32 4D 
                           BD 60 28 F4 E7 8F 78 4B E6 CA 68 E9 41 46 62 9A 
                           F0 3F 69 C2 F8 6E 6B EF 62 F9 30 B3 7C 6F BC C8 
                           78 B7 8D F9 8C 03 34 E5 BD 9A FA 77 59 03 32 4D 
                           BD 60 28 F4 E7 8F 78 4B CF 3F 7C 24 AF 6D 46 E1 
                           33 BB 6A 93 69 02 A4 74 13 39 4B 2A 8A DD C6 3A 
                           88 90 C7 5E B7 C3 A6 C7 BD 9A FA 77 59 03 32 4D 
                           BD 60 28 F4 E7 8F 78 4B 7F 3B DD 2E 92 AE 41 7B 
                           21 43 CC 99 3C 7F E4 8D 93 63 FF A6 5C 9C C4 61 
                           B6 A4 07 A7 79 99 81 74 BD 9A FA 77 59 03 32 4D 
                           BD 60 28 F4 E7 8F 78 4B 56 B3 DA 72 59 EB 1B EC 
                           44 19 9A 7E BF 74 C6 FE 91 2C 8F E9 BF 4A 20 A7 
                           61 0C 5E 9B C0 B6 01 CD BD 9A FA 77 59 03 32 4D 
                           BD 60 28 F4 E7 8F 78 4B 1D 5C 15 CE D7 38 45 B7 
                           E9 68 BF 3A CE 52 C5 C6 60 AA 2D A6 DD EF F2 CE 
                           64 45 A0 4B 88 5A 0F 12 BD 9A FA 77 59 03 32 4D 
                           BD 60 28 F4 E7 8F 78 4B 38 90 9D AF 2F E2 9B BF 
                           E2 23 03 93 9D 39 04 F3 8D CA 48 B7 F2 A4 1F 28 
                           F3 4D E5 64 A0 24 27 81 BD 9A FA 77 59 03 32 4D 
                           BD 60 28 F4 E7 8F 78 4B 3E 33 3D E8 7D 21 12 47 
                           B2 AB 00 09 3C AB 48 F6 06 9D 71 8A FD 29 E9 91 
                           7A 3D 5F 60 E8 75 57 B6 BD 9A FA 77 59 03 32 4D 
                           BD 60 28 F4 E7 8F 78 4B 56 FB 79 AA B2 6E E9 D0 
                           E0 CA 37 2F B8 6A 8B B4 59 AC BC 50 5D 0A B3 5E 
                           6A 63 2A 3D 5F 88 DC B3 BD 9A FA 77 59 03 32 4D 
                           BD 60 28 F4 E7 8F 78 4B B7 D3 E3 C4 A9 30 FF FC 
                           DB 18 46 19 53 4E F7 C3 D4 54 35 EF 97 F7 98 86 
                           11 71 4F 55 23 B2 07 E5 BD 9A FA 77 59 03 32 4D 
                           BD 60 28 F4 E7 8F 78 4B AD CC 0B 6F D6 DC 59 11 
                           BF 42 F0 36 C0 33 FC 3E 43 F0 7A 83 12 E9 1D 0D 
                           8D 32 79 3B 62 94 0C 7E BD 9A FA 77 59 03 32 4D 
                           BD 60 28 F4 E7 8F 78 4B 98 CC 8B 91 FE C5 25 2F 
                           62 E8 18 43 D9 D5 D8 AC 2A 2F 25 3A A3 81 52 B3 
                           23 6A 50 92 20 0E D2 90 BD 9A FA 77 59 03 32 4D 
                           BD 60 28 F4 E7 8F 78 4B BD 88 23 55 BF 68 13 CF 
                           88 EC 0B 83 B6 13 36 91 10 0F 48 03 81 AC 06 53 
                           1C 3D 59 09 CF 1F B6 26 BD 9A FA 77 59 03 32 4D 
                           BD 60 28 F4 E7 8F 78 4B 8E C2 54 0C ED DD 59 2E 
                           61 6A F4 38 6D A9 EA F7 68 55 EF 0A 79 2E 26 FC 
                           14 9B 32 E9 51 D7 6C 85 BD 9A FA 77 59 03 32 4D 
                           BD 60 28 F4 E7 8F 78 4B 0D 85 DA AA 48 1B 1B E8 
                           43 20 E1 2B 50 78 79 4D A2 96 28 AC B4 3B 69 C8 
                           90 9D 29 1B B9 95 CA 72 BD 9A FA 77 59 03 32 4D 
                           BD 60 28 F4 E7 8F 78 4B 2F 9A 8E B6 C8 E1 8E 7E 
                           11 8A FE 9B 51 E2 33 D8 8E C7 6C 0E A2 56 FF 1F 
                           2A 84 2B 3A 0E A9 F4 66 BD 9A FA 77 59 03 32 4D 
                           BD 60 28 F4 E7 8F 78 4B 41 CC E0 FC 46 76 09 CA 
                           36 8B ED BA 45 C2 92 F2 BE 1B 62 2F B9 BE 04 73 
                           CF 51 E7 A9 6E E6 56 52 BD 9A FA 77 59 03 32 4D 
                           BD 60 28 F4 E7 8F 78 4B 4E E4 5A 21 7B 38 A8 C1 
                           37 77 DF 08 60 F1 25 5E 52 BA F3 CF 9D 07 53 73 
                           E3 1A D7 E2 C8 5E 2C DB BD 9A FA 77 59 03 32 4D 
                           BD 60 28 F4 E7 8F 78 4B 9E 0D 90 74 F1 46 46 1F 
                           9A CE E7 D2 7F 2C 7D D8 BE E7 3E B6 2A C6 2C F8 
                           7F 03 BE E0 C4 51 65 28 BD 9A FA 77 59 03 32 4D 
                           BD 60 28 F4 E7 8F 78 4B B5 25 31 C8 43 51 EB 69 
                           5A 8A FF 0B 7A 5B DF 93 97 2C DE DF AF 40 67 74 
                           54 25 D7 5E 21 CD 0C BB BD 9A FA 77 59 03 32 4D 
                           BD 60 28 F4 E7 8F 78 4B B9 B2 0E 93 3E 2B 6C 33 
                           C9 FF 08 8E 22 4D 80 20 28 F2 9A 4C EB E5 0A B5 
                           D7 46 02 79 11 A4 54 FF BD 9A FA 77 59 03 32 4D 
                           BD 60 28 F4 E7 8F 78 4B C1 27 F0 EE FC 2E 45 19 
                           89 D8 8E 4D 1D A8 A3 B0 8C A9 D5 88 49 87 A6 15 
                           7E 04 E9 A7 1C 01 AD FC BD 9A FA 77 59 03 32 4D 
                           BD 60 28 F4 E7 8F 78 4B D1 4E E5 61 6D C8 EC 74 
                           D6 95 AF 08 DA CC 78 BB EF AF A7 A9 7A 5C FE AB 
                           9B 96 1E 86 CE 9E DD 37 BD 9A FA 77 59 03 32 4D 
                           BD 60 28 F4 E7 8F 78 4B F8 DD 22 81 C6 7C 59 A0 
                           8F DD C9 85 9E 9D 5F F7 38 02 CA D8 89 75 24 2B 
                           D1 14 86 F1 3C 6D DA 6B BD 9A FA 77 59 03 32 4D 
                           BD 60 28 F4 E7 8F 78 4B A7 DF CC 3A 8D 6A B3 0F 
                           93 F3 17 48 DB C8 EA 38 41 5C F5 2B B9 AD 80 85 
                           67 2C D9 AB 89 38 D5 DE 
  Event:
    PCRIndex  - 7
    EventType - 0x00000004
    DigestCount: 0x00000002
    HashAlgo : 0x0004
    Digest(0): 9069CA78E7450A285173431B3E52C5C25299E473
    HashAlgo : 0x000B
    Digest(1): DF3F619804A92FDB4057192DC43DD748EA778ADC52BC498CE80524C014B81119
    EventSize - 0x00000004
0000: 00000000
    EventData - Type: EV_SEPARATOR
      SEPARATOR - 0x00000000
  Event:
    PCRIndex  - 0
    EventType - 0x00000001
    DigestCount: 0x00000002
    HashAlgo : 0x0004
    Digest(0): 4A412E183453B0FFA8227CA73243C261EF6DCB08
    HashAlgo : 0x000B
    Digest(1): 608072D8953921F15718897CBB0A47623E0C29FA7286D20BEB0D733756ACB643
    EventSize - 0x00000009
0000: 414350492044415441
    EventData - Type: EV_POST_CODE
      POST CODE - "ACPI DATA"
  Event:
    PCRIndex  - 1
    EventType - 0x80000002
    DigestCount: 0x00000002
    HashAlgo : 0x0004
    Digest(0): 6275D2E1E8B2793381E50989BE645F740CE9D881
    HashAlgo : 0x000B
    Digest(1): 6784C6F23002B7778205ACFFD7A726DDBC889D78B1249125366D7F221238CB17
    EventSize - 0x0000003E
0000: 61DFE48BCA93D211AA0D00E098032B8C09000000000000000C00000000000000
0020: 42006F006F0074004F007200640065007200050001000200030004000000
    EventData - Type: EV_EFI_VARIABLE_BOOT
      VariableName       - 8BE4DF61-93CA-11D2-AA0D-00E098032B8C
      UnicodeNameLength  - 0x0000000000000009
      VariableDataLength - 0x000000000000000C
      UnicodeName        - BootOrder
      VariableData       - 05 00 01 00 02 00 03 00 04 00 00 00 
  Event:
    PCRIndex  - 1
    EventType - 0x80000002
    DigestCount: 0x00000002
    HashAlgo : 0x0004
    Digest(0): B5A3A386C97EC7008BE4A4334D74CD24B18E9A48
    HashAlgo : 0x000B
    Digest(1): 844CDBEBFE96603660C0F2D7DB22C3DD81813CEC585CB768ECFD281BC0623769
    EventSize - 0x00000098
0000: 61DFE48BCA93D211AA0D00E098032B8C08000000000000006800000000000000
0020: 42006F006F0074003000300030003500010000003C0055004500460049002000
0040: 5300680065006C006C0000000407140006E8996D383DC242A0955F4300BFD7DC
0060: 0406140083A5047C3E9E1C4FAD65E05268D0B4D1040410005300680065006C00
0080: 6C0000007FFF04004EAC0881119F594D850EE21A522C59B2
    EventData - Type: EV_EFI_VARIABLE_BOOT
      VariableName       - 8BE4DF61-93CA-11D2-AA0D-00E098032B8C
      UnicodeNameLength  - 0x0000000000000008
      VariableDataLength - 0x0000000000000068
      UnicodeName        - Boot0005
      VariableData       - 01 00 00 00 3C 00 55 00 45 00 46 00 49 00 20 00 
                           53 00 68 00 65 00 6C 00 6C 00 00 00 04 07 14 00 
                           06 E8 99 6D 38 3D C2 42 A0 95 5F 43 00 BF D7 DC 
                           04 06 14 00 83 A5 04 7C 3E 9E 1C 4F AD 65 E0 52 
                           68 D0 B4 D1 04 04 10 00 53 00 68 00 65 00 6C 00 
                           6C 00 00 00 7F FF 04 00 4E AC 08 81 11 9F 59 4D 
                           85 0E E2 1A 52 2C 59 B2 
  Event:
    PCRIndex  - 1
    EventType - 0x80000002
    DigestCount: 0x00000002
    HashAlgo : 0x0004
    Digest(0): 1C1F0C7802CA52AA483DA36B9342A0FDBEB4BACE
    HashAlgo : 0x000B
    Digest(1): ACB504EC991A2032AC846A14A3ACC273ABE4DEFCAFC73048F37CCDD3A89407D6
    EventSize - 0x00000092
0000: 61DFE48BCA93D211AA0D00E098032B8C08000000000000006200000000000000
0020: 42006F006F0074003000300030003100000100002C0055004500460049002000
0040: 42006F006F0074004D0061006E0061006700650072004D0065006E0075004100
0060: 7000700000000407140006E8996D383DC242A0955F4300BFD7DC04061400DC5B
0080: C2EEF267954DB1D5F81B2039D11D7FFF0400
    EventData - Type: EV_EFI_VARIABLE_BOOT
      VariableName       - 8BE4DF61-93CA-11D2-AA0D-00E098032B8C
      UnicodeNameLength  - 0x0000000000000008
      VariableDataLength - 0x0000000000000062
      UnicodeName        - Boot0001
      VariableData       - 00 01 00 00 2C 00 55 00 45 00 46 00 49 00 20 00 
                           42 00 6F 00 6F 00 74 00 4D 00 61 00 6E 00 61 00 
                           67 00 65 00 72 00 4D 00 65 00 6E 00 75 00 41 00 
                           70 00 70 00 00 00 04 07 14 00 06 E8 99 6D 38 3D 
                           C2 42 A0 95 5F 43 00 BF D7 DC 04 06 14 00 DC 5B 
                           C2 EE F2 67 95 4D B1 D5 F8 1B 20 39 D1 1D 7F FF 
                           04 00 
  Event:
    PCRIndex  - 1
    EventType - 0x80000002
    DigestCount: 0x00000002
    HashAlgo : 0x0004
    Digest(0): 4179DDDC046624C8B9CF810D45D831F25B55E200
    HashAlgo : 0x000B
    Digest(1): 5170E3475F619AB22553E64494A596E870DC9200AFFC1C23A2325D6D98E83A73
    EventSize - 0x0000009C
0000: 61DFE48BCA93D211AA0D00E098032B8C08000000000000006C00000000000000
0020: 42006F006F007400300030003000320001000000340055004500460049002000
0040: 4D0069007300630020004400650076006900630065000000010418000B2EF35C
0060: DF8E442E9CDA93205E99EC1C0000000001041800AEA48868CEAF4BE89102F7B9
0080: DAE6A030000000007FFF04004EAC0881119F594D850EE21A522C59B2
    EventData - Type: EV_EFI_VARIABLE_BOOT
      VariableName       - 8BE4DF61-93CA-11D2-AA0D-00E098032B8C
      UnicodeNameLength  - 0x0000000000000008
      VariableDataLength - 0x000000000000006C
      UnicodeName        - Boot0002
      VariableData       - 01 00 00 00 34 00 55 00 45 00 46 00 49 00 20 00 
                           4D 00 69 00 73 00 63 00 20 00 44 00 65 00 76 00 
                           69 00 63 00 65 00 00 00 01 04 18 00 0B 2E F3 5C 
                           DF 8E 44 2E 9C DA 93 20 5E 99 EC 1C 00 00 00 00 
                           01 04 18 00 AE A4 88 68 CE AF 4B E8 91 02 F7 B9 
                           DA E6 A0 30 00 00 00 00 7F FF 04 00 4E AC 08 81 
                           11 9F 59 4D 85 0E E2 1A 52 2C 59 B2 
  Event:
    PCRIndex  - 1
    EventType - 0x80000002
    DigestCount: 0x00000002
    HashAlgo : 0x0004
    Digest(0): 1F0507534A23BDDABA7AB08956C1F6A6641ECB47
    HashAlgo : 0x000B
    Digest(1): 141701046FDAF77CA661C57FCAC81DB2B3228F9941AAE8B11EBB57A898E5D274
    EventSize - 0x000000B0
0000: 61DFE48BCA93D211AA0D00E098032B8C08000000000000008000000000000000
0020: 42006F006F007400300030003000330001000000340055004500460049002000
0040: 4E006F006E002D0042006C006F0063006B00200042006F006F00740020004400
0060: 650076006900630065000000010418000B2EF35CDF8E442E9CDA93205E99EC1C
0080: 0000000001041800225B4E965964D2118E3900A0C969723B000000007FFF0400
00A0: 4EAC0881119F594D850EE21A522C59B2
    EventData - Type: EV_EFI_VARIABLE_BOOT
      VariableName       - 8BE4DF61-93CA-11D2-AA0D-00E098032B8C
      UnicodeNameLength  - 0x0000000000000008
      VariableDataLength - 0x0000000000000080
      UnicodeName        - Boot0003
      VariableData       - 01 00 00 00 34 00 55 00 45 00 46 00 49 00 20 00 
                           4E 00 6F 00 6E 00 2D 00 42 00 6C 00 6F 00 63 00 
                           6B 00 20 00 42 00 6F 00 6F 00 74 00 20 00 44 00 
                           65 00 76 00 69 00 63 00 65 00 00 00 01 04 18 00 
                           0B 2E F3 5C DF 8E 44 2E 9C DA 93 20 5E 99 EC 1C 
                           00 00 00 00 01 04 18 00 22 5B 4E 96 59 64 D2 11 
                           8E 39 00 A0 C9 69 72 3B 00 00 00 00 7F FF 04 00 
                           4E AC 08 81 11 9F 59 4D 85 0E E2 1A 52 2C 59 B2 
  Event:
    PCRIndex  - 1
    EventType - 0x80000002
    DigestCount: 0x00000002
    HashAlgo : 0x0004
    Digest(0): 823F0C6967C6D6B755E9CCD27CFEA0BA06A695DE
    HashAlgo : 0x000B
    Digest(1): 214B83C98FBEE7F4CAE45D230960C29936C99F3A67E2FEB1A2D583E315106FD7
    EventSize - 0x000000CC
0000: 61DFE48BCA93D211AA0D00E098032B8C08000000000000009C00000000000000
0020: 42006F006F007400300030003000340001000000560055004500460049002000
0040: 42006F006F0074004D0061006E0061006700650072004D0065006E0075004100
0060: 7000700000000407140006E8996D383DC242A0955F4300BFD7DC04061400DC5B
0080: C2EEF267954DB1D5F81B2039D11D04042A0042006F006F0074004D0061006E00
00A0: 61006700650072004D0065006E00750041007000700000007FFF04004EAC0881
00C0: 119F594D850EE21A522C59B2
    EventData - Type: EV_EFI_VARIABLE_BOOT
      VariableName       - 8BE4DF61-93CA-11D2-AA0D-00E098032B8C
      UnicodeNameLength  - 0x0000000000000008
      VariableDataLength - 0x000000000000009C
      UnicodeName        - Boot0004
      VariableData       - 01 00 00 00 56 00 55 00 45 00 46 00 49 00 20 00 
                           42 00 6F 00 6F 00 74 00 4D 00 61 00 6E 00 61 00 
                           67 00 65 00 72 00 4D 00 65 00 6E 00 75 00 41 00 
                           70 00 70 00 00 00 04 07 14 00 06 E8 99 6D 38 3D 
                           C2 42 A0 95 5F 43 00 BF D7 DC 04 06 14 00 DC 5B 
                           C2 EE F2 67 95 4D B1 D5 F8 1B 20 39 D1 1D 04 04 
                           2A 00 42 00 6F 00 6F 00 74 00 4D 00 61 00 6E 00 
                           61 00 67 00 65 00 72 00 4D 00 65 00 6E 00 75 00 
                           41 00 70 00 70 00 00 00 7F FF 04 00 4E AC 08 81 
                           11 9F 59 4D 85 0E E2 1A 52 2C 59 B2 
  Event:
    PCRIndex  - 1
    EventType - 0x80000002
    DigestCount: 0x00000002
    HashAlgo : 0x0004
    Digest(0): 3B69240C66499B1C5650C4A1B5BCB5617D5C54FD
    HashAlgo : 0x000B
    Digest(1): 2B14CCF1AFE247BE75044C5763F18BAADDE6E39C144AE01BFB77306530AAB8D1
    EventSize - 0x000000A0
0000: 61DFE48BCA93D211AA0D00E098032B8C08000000000000007000000000000000
0020: 42006F006F007400300030003000300009010000480055004500460049002000
0040: 45006E0074006500720020005300650074007500700000000407140006E8996D
0060: 383DC242A0955F4300BFD7DC0406140021AA2C4614760345836E8AB6F4662331
0080: 04041C0045006E0074006500720020005300650074007500700000007FFF0400
    EventData - Type: EV_EFI_VARIABLE_BOOT
      VariableName       - 8BE4DF61-93CA-11D2-AA0D-00E098032B8C
      UnicodeNameLength  - 0x0000000000000008
      VariableDataLength - 0x0000000000000070
      UnicodeName        - Boot0000
      VariableData       - 09 01 00 00 48 00 55 00 45 00 46 00 49 00 20 00 
                           45 00 6E 00 74 00 65 00 72 00 20 00 53 00 65 00 
                           74 00 75 00 70 00 00 00 04 07 14 00 06 E8 99 6D 
                           38 3D C2 42 A0 95 5F 43 00 BF D7 DC 04 06 14 00 
                           21 AA 2C 46 14 76 03 45 83 6E 8A B6 F4 66 23 31 
                           04 04 1C 00 45 00 6E 00 74 00 65 00 72 00 20 00 
                           53 00 65 00 74 00 75 00 70 00 00 00 7F FF 04 00 
  Event:
    PCRIndex  - 4
    EventType - 0x80000007
    DigestCount: 0x00000002
    HashAlgo : 0x0004
    Digest(0): CD0FDB4531A6EC41BE2753BA042637D6E5F7F256
    HashAlgo : 0x000B
    Digest(1): 3D6772B4F84ED47595D72A2C4C5FFD15F5BB72C7507FE26F2AAEE2C69D5633BA
    EventSize - 0x00000028
0000: 43616C6C696E6720454649204170706C69636174696F6E2066726F6D20426F6F
0020: 74204F7074696F6E
    EventData - Type: EV_EFI_ACTION
      Action String - "Calling EFI Application from Boot Option"
  Event:
    PCRIndex  - 0
    EventType - 0x00000004
    DigestCount: 0x00000002
    HashAlgo : 0x0004
    Digest(0): 9069CA78E7450A285173431B3E52C5C25299E473
    HashAlgo : 0x000B
    Digest(1): DF3F619804A92FDB4057192DC43DD748EA778ADC52BC498CE80524C014B81119
    EventSize - 0x00000004
0000: 00000000
    EventData - Type: EV_SEPARATOR
      SEPARATOR - 0x00000000
  Event:
    PCRIndex  - 1
    EventType - 0x00000004
    DigestCount: 0x00000002
    HashAlgo : 0x0004
    Digest(0): 9069CA78E7450A285173431B3E52C5C25299E473
    HashAlgo : 0x000B
    Digest(1): DF3F619804A92FDB4057192DC43DD748EA778ADC52BC498CE80524C014B81119
    EventSize - 0x00000004
0000: 00000000
    EventData - Type: EV_SEPARATOR
      SEPARATOR - 0x00000000
  Event:
    PCRIndex  - 2
    EventType - 0x00000004
    DigestCount: 0x00000002
    HashAlgo : 0x0004
    Digest(0): 9069CA78E7450A285173431B3E52C5C25299E473
    HashAlgo : 0x000B
    Digest(1): DF3F619804A92FDB4057192DC43DD748EA778ADC52BC498CE80524C014B81119
    EventSize - 0x00000004
0000: 00000000
    EventData - Type: EV_SEPARATOR
      SEPARATOR - 0x00000000
  Event:
    PCRIndex  - 3
    EventType - 0x00000004
    DigestCount: 0x00000002
    HashAlgo : 0x0004
    Digest(0): 9069CA78E7450A285173431B3E52C5C25299E473
    HashAlgo : 0x000B
    Digest(1): DF3F619804A92FDB4057192DC43DD748EA778ADC52BC498CE80524C014B81119
    EventSize - 0x00000004
0000: 00000000
    EventData - Type: EV_SEPARATOR
      SEPARATOR - 0x00000000
  Event:
    PCRIndex  - 4
    EventType - 0x00000004
    DigestCount: 0x00000002
    HashAlgo : 0x0004
    Digest(0): 9069CA78E7450A285173431B3E52C5C25299E473
    HashAlgo : 0x000B
    Digest(1): DF3F619804A92FDB4057192DC43DD748EA778ADC52BC498CE80524C014B81119
    EventSize - 0x00000004
0000: 00000000
    EventData - Type: EV_SEPARATOR
      SEPARATOR - 0x00000000
  Event:
    PCRIndex  - 5
    EventType - 0x00000004
    DigestCount: 0x00000002
    HashAlgo : 0x0004
    Digest(0): 9069CA78E7450A285173431B3E52C5C25299E473
    HashAlgo : 0x000B
    Digest(1): DF3F619804A92FDB4057192DC43DD748EA778ADC52BC498CE80524C014B81119
    EventSize - 0x00000004
0000: 00000000
    EventData - Type: EV_SEPARATOR
      SEPARATOR - 0x00000000
  Event:
    PCRIndex  - 6
    EventType - 0x00000004
    DigestCount: 0x00000002
    HashAlgo : 0x0004
    Digest(0): 9069CA78E7450A285173431B3E52C5C25299E473
    HashAlgo : 0x000B
    Digest(1): DF3F619804A92FDB4057192DC43DD748EA778ADC52BC498CE80524C014B81119
    EventSize - 0x00000004
0000: 00000000
    EventData - Type: EV_SEPARATOR
      SEPARATOR - 0x00000000
  Event:
    PCRIndex  - 1
    EventType - 0x8000000B
    DigestCount: 0x00000002
    HashAlgo : 0x0004
    Digest(0): B6CEAEA0D394F4603B71F469F5E16F407EB0D6BD
    HashAlgo : 0x000B
    Digest(1): BFA64D42C3B8C2026A4D4C220B60241864F2E78E1FB36470AAEE2E7A3A2E98C2
    EventSize - 0x00000029
0000: 0C536D62696F735461626C650001000000000000004415FDF294972C4A992EE5
0020: BBCF20E3940050BC05
    EventData - Type: EV_EFI_HANDOFF_TABLES2
      TableDescriptionSize - 0x0C
      TableDescription     - "SmbiosTable "
      NumberOfTables - 0x0000000000000001
      TableEntry (0):
        VendorGuid  - F2FD1544-9794-4A2C-992E-E5BBCF20E394
        VendorTable - 0x0000000005BC5000
  Event:
    PCRIndex  - 4
    EventType - 0x80000003
    DigestCount: 0x00000002
    HashAlgo : 0x0004
    Digest(0): 9A09567E811307CDDDB087F23C5B11F1C1C504B5
    HashAlgo : 0x000B
    Digest(1): FE3FF08491654709FAF5F4A0FCBE113016B86ED0ABA4AA8CA54239A7FDFC36C3
    EventSize - 0x00000050
0000: 1070AB0A0000000000D01000000001003C0000000407140006E8996D383DC242
0020: A0955F4300BFD7DC0406140083A5047C3E9E1C4FAD65E05268D0B4D104041000
0040: 5300680065006C006C0000007FFF0400
    EventData - Type: EV_EFI_BOOT_SERVICES_APPLICATION
      ImageLocationInMemory - 0x000000000AAB7010
      ImageLengthInMemory   - 0x000000000010D000
      ImageLinkTimeAddress  - 0x0000000000010000
      LengthOfDevicePath    - 0x000000000000003C
      DevicePath:
        Fv(6D99E806-3D38-42C2-A095-5F4300BFD7DC)/FvFile(7C04A583-9E3E-4F1C-AD65-E05268D0B4D1)/Shell
  Event:
    PCRIndex  - 4
    EventType - 0x80000003
    DigestCount: 0x00000002
    HashAlgo : 0x0004
    Digest(0): D00446E0F349FFE2BC0B5B987DB1BE0698D426D7
    HashAlgo : 0x000B
    Digest(1): F2AE8721D0D11BDF5B3651510429F02669F072ECFC557B9F14A6731F2FF057D7
    EventSize - 0x0000006E
0000: 10E0B80A0000000080E50000000000005A000000010418000B2EF35CDF8E442E
0020: 9CDA93205E99EC1C0000000001041800225B4E965964D2118E3900A0C969723B
0040: 00000000040426005C005400630067003200440075006D0070004C006F006700
0060: 2E0065006600690000007FFF0400
    EventData - Type: EV_EFI_BOOT_SERVICES_APPLICATION
      ImageLocationInMemory - 0x000000000AB8E010
      ImageLengthInMemory   - 0x000000000000E580
      ImageLinkTimeAddress  - 0x0000000000000000
      LengthOfDevicePath    - 0x000000000000005A
      DevicePath:
        VenHw(5CF32E0B-8EDF-2E44-9CDA-93205E99EC1C,00000000)/VenHw(964E5B22-6459-11D2-8E39-00A0C969723B,00000000)/\Tcg2DumpLog.efi
FinalEventsTable:    (0x521C000)
  Version:           (0x1)
  NumberOfEvents:    (0x0)
Tcg2Event end
